<html>
<body>
<pre>
<h1>Vision Build Log</h1>
<h2>Tool Versions:</h2>
IDE-Version: μVision V5.38.0.0
Copyright (C) 2022 ARM Ltd and ARM Germany GmbH. All rights reserved.
License Information: , laffey, ,, LIC=47QMA-10YAA-F6KQ4-FWQ34-FL823-D7CMZ
 
Tool Versions:
Toolchain:       PK51 Prof. Developers Kit  Version: 9.60.7.0
Toolchain Path:  C:\Keil_v5\C51\BIN
C Compiler:      C51.exe V9.60.7.0
Assembler:       A51.exe V8.2.7.0
Linker/Locator:  BL51.exe V6.22.4.0
Library Manager: LIB51.exe V4.30.1.0
Hex Converter:   OH51.exe V2.7.0.0
CPU DLL:         S8051.DLL V3.125.1.0
Dialog DLL:      DP51.DLL V2.69.0.0 
<h2>Project:</h2>
C:\code_V5.0\clone\STC15-lanqiao_code\实例\全功能重构\2333.uvproj
Project File Date:  12/11/2025

<h2>Output:</h2>
Rebuild target 'Target 1'
compiling boot.c...
main\boot.c(20): error C132: 'boot_init': not in formal parameter list
main\boot.c(20): error C141: syntax error near '{', expected ';'
main\boot.c(21): error C136: 'P0M0': 'void' on variable
main\boot.c(21): error C244: 'P0M0': can't initialize, bad type or class
main\boot.c(21): error C136: 'P0M0': 'void' on variable
main\boot.c(21): error C132: 'P0M0': not in formal parameter list
main\boot.c(22): error C244: 'P0M1': can't initialize, bad type or class
main\boot.c(22): error C132: 'P0M1': not in formal parameter list
main\boot.c(23): error C244: 'P1M0': can't initialize, bad type or class
main\boot.c(23): error C132: 'P1M0': not in formal parameter list
main\boot.c(24): error C244: 'P1M1': can't initialize, bad type or class
main\boot.c(24): error C132: 'P1M1': not in formal parameter list
main\boot.c(25): error C244: 'P2M0': can't initialize, bad type or class
main\boot.c(25): error C132: 'P2M0': not in formal parameter list
main\boot.c(26): error C244: 'P2M1': can't initialize, bad type or class
main\boot.c(26): error C132: 'P2M1': not in formal parameter list
main\boot.c(27): error C244: 'P3M0': can't initialize, bad type or class
main\boot.c(27): error C132: 'P3M0': not in formal parameter list
main\boot.c(28): error C244: 'P3M1': can't initialize, bad type or class
main\boot.c(28): error C132: 'P3M1': not in formal parameter list
main\boot.c(29): error C244: 'P4M0': can't initialize, bad type or class
main\boot.c(29): error C132: 'P4M0': not in formal parameter list
main\boot.c(30): error C244: 'P4M1': can't initialize, bad type or class
main\boot.c(30): error C132: 'P4M1': not in formal parameter list
main\boot.c(31): error C244: 'P5M0': can't initialize, bad type or class
main\boot.c(31): error C132: 'P5M0': not in formal parameter list
main\boot.c(32): error C244: 'P5M1': can't initialize, bad type or class
main\boot.c(32): error C132: 'P5M1': not in formal parameter list
main\boot.c(33): error C244: 'P6M0': can't initialize, bad type or class
main\boot.c(33): error C132: 'P6M0': not in formal parameter list
main\boot.c(34): error C244: 'P6M1': can't initialize, bad type or class
main\boot.c(34): error C132: 'P6M1': not in formal parameter list
main\boot.c(35): error C244: 'P7M0': can't initialize, bad type or class
main\boot.c(35): error C132: 'P7M0': not in formal parameter list
main\boot.c(36): error C244: 'P7M1': can't initialize, bad type or class
main\boot.c(36): error C132: 'P7M1': not in formal parameter list
main\boot.c(38): error C244: 'P0': can't initialize, bad type or class
main\boot.c(38): error C132: 'P0': not in formal parameter list
main\boot.c(39): error C141: syntax error near '4', expected 'bit'
main\boot.c(39): error C132: 'latch': not in formal parameter list
main\boot.c(41): error C244: 'P0': can't initialize, bad type or class
main\boot.c(41): error C132: 'P0': not in formal parameter list
main\boot.c(42): error C141: syntax error near '5', expected 'bit'
main\boot.c(42): error C132: 'latch': not in formal parameter list
main\boot.c(44): error C244: 'P0': can't initialize, bad type or class
main\boot.c(44): error C132: 'P0': not in formal parameter list
main\boot.c(45): error C141: syntax error near '6', expected 'bit'
main\boot.c(45): error C132: 'latch': not in formal parameter list
main\boot.c(47): error C244: 'P0': can't initialize, bad type or class
main\boot.c(47): error C132: 'P0': not in formal parameter list
main\boot.c(48): error C141: syntax error near '7', expected 'bit'
main\boot.c(48): error C132: 'latch': not in formal parameter list
main\boot.c(50): error C141: syntax error near '0', expected 'bit'
main\boot.c(50): error C132: 'latch': not in formal parameter list
main\boot.c(52): error C132: 'Timer1_Init': not in formal parameter list
main\boot.c(53): error C244: 'EA': can't initialize, bad type or class
main\boot.c(53): error C132: 'EA': not in formal parameter list
main\boot.c(54): error C141: syntax error near '}', expected 'hdata'
compiling key.c...
.\include\key.h(6): error C132: 'key_scan': not in formal parameter list
main\key.c(30): error C132: 'key_scan': not in formal parameter list
main\key.c(30): error C141: syntax error near '{', expected ';'
main\key.c(31): error C131: 'i': duplicate function-parameter
main\key.c(32): error C127: 'state': invalid storage class
main\key.c(33): error C127: 'value': invalid storage class
main\key.c(35): error C244: 'press': can't initialize, bad type or class
main\key.c(35): error C132: 'press': not in formal parameter list
main\key.c(36): error C244: 'temp': can't initialize, bad type or class
main\key.c(36): error C132: 'temp': not in formal parameter list
main\key.c(38): error C244: 'P3': can't initialize, bad type or class
main\key.c(38): error C132: 'P3': not in formal parameter list
main\key.c(39): error C244: 'P42': can't initialize, bad type or class
main\key.c(39): error C132: 'P42': not in formal parameter list
main\key.c(40): error C244: 'P44': can't initialize, bad type or class
main\key.c(40): error C132: 'P44': not in formal parameter list
main\key.c(41): error C244: 'P36': can't initialize, bad type or class
main\key.c(41): error C132: 'P36': not in formal parameter list
main\key.c(42): error C244: 'P37': can't initialize, bad type or class
main\key.c(42): error C132: 'P37': not in formal parameter list
main\key.c(44): error C244: 'press': can't initialize, bad type or class
main\key.c(44): error C132: 'press': not in formal parameter list
main\key.c(46): error C141: syntax error near 'switch', expected 'hdata'
main\key.c(46): error C129: missing ';' before '{'
compiling led.c...
.\include\led.h(6): error C127: 'led_value': invalid storage class
.\include\led.h(7): error C132: 'led_display': not in formal parameter list
.\include\led.h(8): error C132: '_led_set': not in formal parameter list
main\led.c(15): error C244: 'led_value': can't initialize, bad type or class
main\led.c(15): error C132: 'led_value': not in formal parameter list
main\led.c(30): error C132: 'led_display': not in formal parameter list
main\led.c(30): error C141: syntax error near '{', expected ';'
main\led.c(31): error C136: 'i': 'void' on variable
main\led.c(31): error C131: 'i': duplicate function-parameter
main\led.c(32): error C127: 'temp': invalid storage class
main\led.c(33): error C127: 'last': invalid storage class
main\led.c(35): error C141: syntax error near 'if', expected 'hdata'
main\led.c(35): error C202: 'i': undefined identifier
main\led.c(35): error C136: invalid dimension size: [0]
main\led.c(35): error C129: missing ';' before '{'
compiling main.c...
\code_V5.0\clone\STC15-lanqiao_code\实\全功能重构\include\led.h(6): error C127: 'led_value': invalid storage class
\code_V5.0\clone\STC15-lanqiao_code\实\全功能重构\include\led.h(7): error C132: 'led_display': not in formal parameter list
\code_V5.0\clone\STC15-lanqiao_code\实\全功能重构\include\led.h(8): error C132: '_led_set': not in formal parameter list
\code_V5.0\clone\STC15-lanqiao_code\实\全功能重构\include\seg.h(6): error C132: 'seg_display': not in formal parameter list
\code_V5.0\clone\STC15-lanqiao_code\实\全功能重构\include\seg.h(7): error C132: '_seg_set': not in formal parameter list
\code_V5.0\clone\STC15-lanqiao_code\实\全功能重构\include\key.h(6): error C132: 'key_scan': not in formal parameter list
.\include\main.h(9): error C132: 'key_task': not in formal parameter list
.\include\main.h(19): error C127: 'led_t': invalid storage class
.\include\main.h(24): error C127: 'key_t': invalid storage class
main\main.c(13): error C132: 'led_t': not in formal parameter list
main\main.c(13): error C141: syntax error near 'led', expected ';'
main\main.c(13): error C244: 'led': can't initialize, bad type or class
main\main.c(14): error C141: syntax error near '.', expected 'sizeof'
main\main.c(15): error C132: 'led': not in formal parameter list
main\main.c(18): error C132: 'key_t': not in formal parameter list
main\main.c(18): error C141: syntax error near 'key', expected ';'
main\main.c(18): error C244: 'key': can't initialize, bad type or class
main\main.c(19): error C141: syntax error near '.', expected 'sizeof'
main\main.c(21): error C132: 'key': not in formal parameter list
main\main.c(30): error C132: 'main': not in formal parameter list
main\main.c(30): error C141: syntax error near '{', expected ';'
main\main.c(31): error C132: 'boot_init': not in formal parameter list
main\main.c(32): error C141: syntax error near '2', expected 'bit'
main\main.c(32): error C132: 'seg_set': not in formal parameter list
main\main.c(33): error C141: syntax error near '3', expected 'bit'
main\main.c(33): error C132: 'seg_set': not in formal parameter list
main\main.c(34): error C141: syntax error near '4', expected 'bit'
main\main.c(34): error C132: 'seg_set': not in formal parameter list
main\main.c(35): error C141: syntax error near '5', expected 'bit'
main\main.c(35): error C132: 'seg_set': not in formal parameter list
main\main.c(36): error C141: syntax error near '6', expected 'bit'
main\main.c(36): error C132: 'seg_set': not in formal parameter list
main\main.c(37): error C141: syntax error near '7', expected 'bit'
main\main.c(37): error C132: 'seg_set': not in formal parameter list
main\main.c(39): error C141: syntax error near 'while', expected 'hdata'
main\main.c(39): error C141: syntax error near '1', expected 'hdata'
main\main.c(40): error C141: syntax error near '.', expected ')'
main\main.c(40): error C129: missing ';' before '=='
compiling seg.c...
.\include\seg.h(6): error C132: 'seg_display': not in formal parameter list
.\include\seg.h(7): error C132: '_seg_set': not in formal parameter list
main\seg.c(16): error C244: 'seg': can't initialize, bad type or class
main\seg.c(16): error C132: 'seg': not in formal parameter list
Target not created.
Build Time Elapsed:  00:00:00
</pre>
</body>
</html>
