<html>
<body>
<pre>
<h1>Vision Build Log</h1>
<h2>Project:</h2>
C:\Users\Administrator\Desktop\新建文件夹\315.uvproj
Project File Date:  03/15/2025

<h2>Output:</h2>
Build target 'Target 1'
assembling STARTUP.A51...
compiling boot.c...
boot.c(1): error C321: missing '"'
BOOT.C(16): error C202: 'Y0': undefined identifier
BOOT.C(20): error C202: 'Y0': undefined identifier
BOOT.C(24): error C202: 'Y0': undefined identifier
compiling main.c...
compiling sonic.c...
SONIC.C(4): error C231: 'tx': redefinition
compiling key.c...
KEY.C(3): error C129: missing ';' before 'key_scan'
Target not created
Build target 'Target 1'
assembling STARTUP.A51...
compiling boot.c...
BOOT.C(16): error C202: 'Y0': undefined identifier
BOOT.C(20): error C202: 'Y0': undefined identifier
BOOT.C(24): error C202: 'Y0': undefined identifier
compiling main.c...
compiling sonic.c...
SONIC.C(4): error C231: 'tx': redefinition
compiling key.c...
KEY.C(3): error C129: missing ';' before 'key_scan'
Target not created
Build target 'Target 1'
assembling STARTUP.A51...
compiling boot.c...
BOOT.C(26): warning C206: 'timer_1': missing function-prototype
BOOT.C(32): error C231: 'timer_1': redefinition
BOOT.C(40): error C231: 'timer_1': redefinition
compiling main.c...
compiling sonic.c...
SONIC.C(4): error C231: 'tx': redefinition
compiling key.c...
KEY.C(3): error C129: missing ';' before 'key_scan'
Target not created
Build target 'Target 1'
assembling STARTUP.A51...
compiling boot.c...
compiling main.c...
compiling sonic.c...
SONIC.C(4): error C231: 'tx': redefinition
SONIC.C(29): error C202: 'rx': undefined identifier
SONIC.C(33): error C202: 'rx': undefined identifier
compiling key.c...
KEY.C(3): error C129: missing ';' before 'key_scan'
Target not created
Build target 'Target 1'
assembling STARTUP.A51...
compiling boot.c...
compiling main.c...
compiling sonic.c...
compiling key.c...
KEY.C(3): error C129: missing ';' before 'key_scan'
Target not created
Build target 'Target 1'
assembling STARTUP.A51...
compiling boot.c...
compiling main.c...
compiling sonic.c...
compiling key.c...
KEY.C(3): error C129: missing ';' before 'key_scan'
compiling seg.c...
SEG.C(28): error C247: non-address/-constant initializer
SEG.C(28): error C247: non-address/-constant initializer
SEG.C(28): error C247: non-address/-constant initializer
SEG.C(28): error C247: non-address/-constant initializer
SEG.C(28): error C247: non-address/-constant initializer
SEG.C(28): error C247: non-address/-constant initializer
SEG.C(28): error C247: non-address/-constant initializer
SEG.C(28): error C247: non-address/-constant initializer
Target not created
Build target 'Target 1'
assembling STARTUP.A51...
compiling boot.c...
compiling main.c...
compiling sonic.c...
compiling key.c...
KEY.C(3): error C129: missing ';' before 'key_scan'
compiling seg.c...
SEG.C(27): warning C235: parameter 1: different types
SEG.C(28): error C247: non-address/-constant initializer
SEG.C(28): error C247: non-address/-constant initializer
SEG.C(28): error C247: non-address/-constant initializer
SEG.C(28): error C247: non-address/-constant initializer
SEG.C(28): error C247: non-address/-constant initializer
SEG.C(28): error C247: non-address/-constant initializer
SEG.C(28): error C247: non-address/-constant initializer
SEG.C(28): error C247: non-address/-constant initializer
Target not created
Build target 'Target 1'
assembling STARTUP.A51...
compiling boot.c...
compiling main.c...
compiling sonic.c...
compiling key.c...
KEY.C(5): error C141: syntax error near 'state'
KEY.C(6): error C141: syntax error near 'press'
KEY.C(6): error C202: 'press': undefined identifier
KEY.C(6): error C202: 'temp': undefined identifier
KEY.C(8): error C202: 'P3': undefined identifier
KEY.C(9): error C202: 'P42': undefined identifier
KEY.C(9): error C202: 'P44': undefined identifier
KEY.C(10): error C202: 'P36': undefined identifier
KEY.C(10): error C202: 'P37': undefined identifier
KEY.C(11): error C202: 'press': undefined identifier
KEY.C(17): error C202: 'press': undefined identifier
KEY.C(26): error C202: 'press': undefined identifier
KEY.C(32): error C202: 'P3': undefined identifier
KEY.C(33): error C202: 'P42': undefined identifier
KEY.C(33): error C202: 'P44': undefined identifier
KEY.C(34): error C202: 'P36': undefined identifier
KEY.C(34): error C202: 'P37': undefined identifier
KEY.C(35): error C202: 'press': undefined identifier
KEY.C(39): error C202: 'press': undefined identifier
KEY.C(54): error C202: 'press': undefined identifier
KEY.C(66): error C202: 'temp': undefined identifier
KEY.C(73): error C202: 'temp': undefined identifier
compiling seg.c...
SEG.C(27): warning C235: parameter 1: different types
SEG.C(28): error C247: non-address/-constant initializer
SEG.C(28): error C247: non-address/-constant initializer
SEG.C(28): error C247: non-address/-constant initializer
SEG.C(28): error C247: non-address/-constant initializer
SEG.C(28): error C247: non-address/-constant initializer
SEG.C(28): error C247: non-address/-constant initializer
SEG.C(28): error C247: non-address/-constant initializer
SEG.C(28): error C247: non-address/-constant initializer
Target not created
Build target 'Target 1'
assembling STARTUP.A51...
compiling boot.c...
compiling main.c...
compiling sonic.c...
compiling key.c...
KEY.C(5): error C141: syntax error near 'state'
KEY.C(6): error C141: syntax error near 'press'
KEY.C(6): error C202: 'press': undefined identifier
KEY.C(6): error C202: 'temp': undefined identifier
KEY.C(8): error C202: 'P3': undefined identifier
KEY.C(9): error C202: 'P42': undefined identifier
KEY.C(9): error C202: 'P44': undefined identifier
KEY.C(10): error C202: 'P36': undefined identifier
KEY.C(10): error C202: 'P37': undefined identifier
KEY.C(11): error C202: 'press': undefined identifier
KEY.C(17): error C202: 'press': undefined identifier
KEY.C(26): error C202: 'press': undefined identifier
KEY.C(32): error C202: 'P3': undefined identifier
KEY.C(33): error C202: 'P42': undefined identifier
KEY.C(33): error C202: 'P44': undefined identifier
KEY.C(34): error C202: 'P36': undefined identifier
KEY.C(34): error C202: 'P37': undefined identifier
KEY.C(35): error C202: 'press': undefined identifier
KEY.C(39): error C202: 'press': undefined identifier
KEY.C(54): error C202: 'press': undefined identifier
KEY.C(66): error C202: 'temp': undefined identifier
KEY.C(73): error C202: 'temp': undefined identifier
compiling seg.c...
SEG.C(27): warning C235: parameter 1: different types
Target not created
Build target 'Target 1'
assembling STARTUP.A51...
compiling boot.c...
compiling main.c...
compiling sonic.c...
compiling key.c...
KEY.C(6): error C202: 'temp': undefined identifier
KEY.C(66): error C202: 'temp': undefined identifier
KEY.C(73): error C202: 'temp': undefined identifier
compiling seg.c...
SEG.C(27): warning C235: parameter 1: different types
Target not created
Build target 'Target 1'
assembling STARTUP.A51...
compiling boot.c...
compiling main.c...
compiling sonic.c...
compiling key.c...
compiling seg.c...
SEG.C(27): warning C235: parameter 1: different types
linking...
*** WARNING L16: UNCALLED SEGMENT, IGNORED FOR OVERLAY PROCESS
    SEGMENT: ?PR?BOOT_INIT?BOOT
*** WARNING L16: UNCALLED SEGMENT, IGNORED FOR OVERLAY PROCESS
    SEGMENT: ?PR?SONIC_MEASURE?SONIC
*** WARNING L16: UNCALLED SEGMENT, IGNORED FOR OVERLAY PROCESS
    SEGMENT: ?PR?KEY_SCAN?KEY
*** WARNING L16: UNCALLED SEGMENT, IGNORED FOR OVERLAY PROCESS
    SEGMENT: ?PR?SEG_DISPLAY?SEG
*** WARNING L16: UNCALLED SEGMENT, IGNORED FOR OVERLAY PROCESS
    SEGMENT: ?PR?_SET_SEG?SEG
*** WARNING L1: UNRESOLVED EXTERNAL SYMBOL
    SYMBOL:  MAIN
    MODULE:  C:\KEIL\C51\LIB\C51S.LIB (?C_INIT)
*** WARNING L2: REFERENCE MADE TO UNRESOLVED EXTERNAL
    SYMBOL:  MAIN
    MODULE:  C:\KEIL\C51\LIB\C51S.LIB (?C_INIT)
    ADDRESS: 02EBH
Program Size: data=40.0 xdata=0 code=1205
"315" - 0 Error(s), 8 Warning(s).
Build target 'Target 1'
assembling STARTUP.A51...
compiling boot.c...
compiling main.c...
compiling sonic.c...
compiling key.c...
compiling seg.c...
SEG.C(27): warning C235: parameter 1: different types
linking...
*** WARNING L16: UNCALLED SEGMENT, IGNORED FOR OVERLAY PROCESS
    SEGMENT: ?PR?BOOT_INIT?BOOT
*** WARNING L16: UNCALLED SEGMENT, IGNORED FOR OVERLAY PROCESS
    SEGMENT: ?PR?SONIC_MEASURE?SONIC
*** WARNING L16: UNCALLED SEGMENT, IGNORED FOR OVERLAY PROCESS
    SEGMENT: ?PR?KEY_SCAN?KEY
*** WARNING L16: UNCALLED SEGMENT, IGNORED FOR OVERLAY PROCESS
    SEGMENT: ?PR?SEG_DISPLAY?SEG
*** WARNING L16: UNCALLED SEGMENT, IGNORED FOR OVERLAY PROCESS
    SEGMENT: ?PR?_SET_SEG?SEG
*** WARNING L1: UNRESOLVED EXTERNAL SYMBOL
    SYMBOL:  MAIN
    MODULE:  C:\KEIL\C51\LIB\C51S.LIB (?C_INIT)
*** WARNING L2: REFERENCE MADE TO UNRESOLVED EXTERNAL
    SYMBOL:  MAIN
    MODULE:  C:\KEIL\C51\LIB\C51S.LIB (?C_INIT)
    ADDRESS: 0305H
Program Size: data=40.0 xdata=0 code=1231
"315" - 0 Error(s), 8 Warning(s).
Build target 'Target 1'
assembling STARTUP.A51...
compiling boot.c...
compiling main.c...
C51 FATAL-ERROR -
  ACTION:  PARSING SOURCE-FILE
  ERROR:    PREPROCESSOR: MACROS TOO NESTED
C51 TERMINATED.
Target not created
Build target 'Target 1'
assembling STARTUP.A51...
compiling boot.c...
compiling main.c...
MAIN.C(5): warning C206: 'boot_init': missing function-prototype
MAIN.C(14): error C141: syntax error near 'i'
compiling sonic.c...
compiling key.c...
compiling seg.c...
SEG.C(27): warning C235: parameter 1: different types
compiling led.c...
LED.H(4): error C141: syntax error near 'i', expected ')'
LED.C(3): error C129: missing ';' before 'led_value'
Target not created
Build target 'Target 1'
assembling STARTUP.A51...
compiling boot.c...
compiling main.c...
compiling sonic.c...
compiling key.c...
compiling seg.c...
SEG.C(27): warning C235: parameter 1: different types
compiling led.c...
LED.H(4): error C141: syntax error near 'i', expected ')'
LED.C(3): error C129: missing ';' before 'led_value'
Target not created
Build target 'Target 1'
assembling STARTUP.A51...
compiling boot.c...
compiling main.c...
compiling sonic.c...
compiling key.c...
compiling seg.c...
SEG.C(27): warning C235: parameter 1: different types
compiling led.c...
LED.H(4): error C141: syntax error near 'i', expected ')'
LED.C(3): error C129: missing ';' before 'led_value'
Target not created
Build target 'Target 1'
assembling STARTUP.A51...
compiling boot.c...
compiling main.c...
compiling sonic.c...
compiling key.c...
compiling seg.c...
SEG.C(27): warning C235: parameter 1: different types
compiling led.c...
linking...
*** WARNING L16: UNCALLED SEGMENT, IGNORED FOR OVERLAY PROCESS
    SEGMENT: ?PR?TIMER0_INIT?BOOT
*** WARNING L16: UNCALLED SEGMENT, IGNORED FOR OVERLAY PROCESS
    SEGMENT: ?PR?SONIC_MEASURE?SONIC
*** WARNING L16: UNCALLED SEGMENT, IGNORED FOR OVERLAY PROCESS
    SEGMENT: ?PR?KEY_SCAN?KEY
*** WARNING L16: UNCALLED SEGMENT, IGNORED FOR OVERLAY PROCESS
    SEGMENT: ?PR?_SET_SEG?SEG
*** WARNING L16: UNCALLED SEGMENT, IGNORED FOR OVERLAY PROCESS
    SEGMENT: ?PR?LED_DISPLAY?LED
Program Size: data=53.1 xdata=0 code=1412
"315" - 0 Error(s), 6 Warning(s).
Build target 'Target 1'
assembling STARTUP.A51...
compiling boot.c...
compiling main.c...
compiling sonic.c...
compiling key.c...
compiling seg.c...
compiling led.c...
linking...
*** WARNING L16: UNCALLED SEGMENT, IGNORED FOR OVERLAY PROCESS
    SEGMENT: ?PR?TIMER0_INIT?BOOT
*** WARNING L16: UNCALLED SEGMENT, IGNORED FOR OVERLAY PROCESS
    SEGMENT: ?PR?SONIC_MEASURE?SONIC
*** WARNING L16: UNCALLED SEGMENT, IGNORED FOR OVERLAY PROCESS
    SEGMENT: ?PR?KEY_SCAN?KEY
*** WARNING L16: UNCALLED SEGMENT, IGNORED FOR OVERLAY PROCESS
    SEGMENT: ?PR?_SET_SEG?SEG
*** WARNING L16: UNCALLED SEGMENT, IGNORED FOR OVERLAY PROCESS
    SEGMENT: ?PR?LED_DISPLAY?LED
Program Size: data=53.1 xdata=0 code=1412
"315" - 0 Error(s), 5 Warning(s).
Build target 'Target 1'
assembling STARTUP.A51...
compiling boot.c...
compiling main.c...
MAIN.C(13): error C202: 'key_flag': undefined identifier
MAIN.C(15): error C202: 'key_flag': undefined identifier
compiling sonic.c...
compiling key.c...
compiling seg.c...
compiling led.c...
Target not created
Build target 'Target 1'
assembling STARTUP.A51...
compiling boot.c...
compiling main.c...
MAIN.C(16): warning C206: 'key_proc': missing function-prototype
MAIN.C(37): error C231: 'key_proc': redefinition
MAIN.C(40): error C231: 'key_proc': redefinition
MAIN.C(44): error C202: 'state': undefined identifier
MAIN.C(52): error C141: syntax error near '}'
compiling sonic.c...
compiling key.c...
compiling seg.c...
compiling led.c...
Target not created
Build target 'Target 1'
assembling STARTUP.A51...
compiling boot.c...
compiling main.c...
MAIN.C(44): error C202: 'state': undefined identifier
MAIN.C(52): error C141: syntax error near '}'
compiling sonic.c...
compiling key.c...
compiling seg.c...
compiling led.c...
Target not created
Build target 'Target 1'
assembling STARTUP.A51...
compiling boot.c...
compiling main.c...
MAIN.C(54): error C141: syntax error near '}'
compiling sonic.c...
compiling key.c...
compiling seg.c...
compiling led.c...
Target not created
Build target 'Target 1'
assembling STARTUP.A51...
compiling boot.c...
compiling main.c...
MAIN.C(54): error C141: syntax error near '}'
compiling sonic.c...
compiling key.c...
compiling seg.c...
compiling led.c...
Target not created
Build target 'Target 1'
assembling STARTUP.A51...
compiling boot.c...
compiling main.c...
compiling sonic.c...
compiling key.c...
compiling seg.c...
compiling led.c...
linking...
*** WARNING L16: UNCALLED SEGMENT, IGNORED FOR OVERLAY PROCESS
    SEGMENT: ?PR?TIMER0_INIT?BOOT
*** WARNING L16: UNCALLED SEGMENT, IGNORED FOR OVERLAY PROCESS
    SEGMENT: ?PR?STATE_MACHINE?MAIN
*** WARNING L16: UNCALLED SEGMENT, IGNORED FOR OVERLAY PROCESS
    SEGMENT: ?PR?SONIC_MEASURE?SONIC
*** WARNING L16: UNCALLED SEGMENT, IGNORED FOR OVERLAY PROCESS
    SEGMENT: ?PR?LED_DISPLAY?LED
Program Size: data=55.2 xdata=0 code=1503
"315" - 0 Error(s), 4 Warning(s).
Build target 'Target 1'
assembling STARTUP.A51...
compiling boot.c...
compiling main.c...
compiling sonic.c...
compiling key.c...
compiling seg.c...
compiling led.c...
linking...
*** WARNING L16: UNCALLED SEGMENT, IGNORED FOR OVERLAY PROCESS
    SEGMENT: ?PR?TIMER0_INIT?BOOT
*** WARNING L16: UNCALLED SEGMENT, IGNORED FOR OVERLAY PROCESS
    SEGMENT: ?PR?STATE_MACHINE?MAIN
*** WARNING L16: UNCALLED SEGMENT, IGNORED FOR OVERLAY PROCESS
    SEGMENT: ?PR?SONIC_MEASURE?SONIC
*** WARNING L16: UNCALLED SEGMENT, IGNORED FOR OVERLAY PROCESS
    SEGMENT: ?PR?LED_DISPLAY?LED
Program Size: data=55.2 xdata=0 code=1503
creating hex file from "315"...
"315" - 0 Error(s), 4 Warning(s).
Build target 'Target 1'
assembling STARTUP.A51...
compiling boot.c...
compiling main.c...
compiling sonic.c...
compiling key.c...
compiling seg.c...
compiling led.c...
linking...
*** WARNING L16: UNCALLED SEGMENT, IGNORED FOR OVERLAY PROCESS
    SEGMENT: ?PR?TIMER0_INIT?BOOT
*** WARNING L16: UNCALLED SEGMENT, IGNORED FOR OVERLAY PROCESS
    SEGMENT: ?PR?STATE_MACHINE?MAIN
*** WARNING L16: UNCALLED SEGMENT, IGNORED FOR OVERLAY PROCESS
    SEGMENT: ?PR?SONIC_MEASURE?SONIC
*** WARNING L16: UNCALLED SEGMENT, IGNORED FOR OVERLAY PROCESS
    SEGMENT: ?PR?LED_DISPLAY?LED
Program Size: data=55.2 xdata=0 code=1509
creating hex file from "315"...
"315" - 0 Error(s), 4 Warning(s).
Build target 'Target 1'
assembling STARTUP.A51...
compiling boot.c...
compiling main.c...
compiling sonic.c...
compiling key.c...
compiling seg.c...
compiling led.c...
linking...
*** WARNING L16: UNCALLED SEGMENT, IGNORED FOR OVERLAY PROCESS
    SEGMENT: ?PR?TIMER0_INIT?BOOT
*** WARNING L16: UNCALLED SEGMENT, IGNORED FOR OVERLAY PROCESS
    SEGMENT: ?PR?SONIC_MEASURE?SONIC
*** WARNING L16: UNCALLED SEGMENT, IGNORED FOR OVERLAY PROCESS
    SEGMENT: ?PR?LED_DISPLAY?LED
Program Size: data=53.2 xdata=0 code=1512
creating hex file from "315"...
"315" - 0 Error(s), 3 Warning(s).
Build target 'Target 1'
assembling STARTUP.A51...
compiling boot.c...
compiling main.c...
compiling sonic.c...
compiling key.c...
compiling seg.c...
compiling led.c...
linking...
*** WARNING L16: UNCALLED SEGMENT, IGNORED FOR OVERLAY PROCESS
    SEGMENT: ?PR?TIMER0_INIT?BOOT
*** WARNING L16: UNCALLED SEGMENT, IGNORED FOR OVERLAY PROCESS
    SEGMENT: ?PR?SONIC_MEASURE?SONIC
*** WARNING L16: UNCALLED SEGMENT, IGNORED FOR OVERLAY PROCESS
    SEGMENT: ?PR?_SET_SEG?SEG
*** WARNING L16: UNCALLED SEGMENT, IGNORED FOR OVERLAY PROCESS
    SEGMENT: ?PR?LED_DISPLAY?LED
Program Size: data=55.2 xdata=0 code=1474
creating hex file from "315"...
"315" - 0 Error(s), 4 Warning(s).
Build target 'Target 1'
assembling STARTUP.A51...
compiling boot.c...
compiling main.c...
compiling sonic.c...
compiling key.c...
compiling seg.c...
compiling led.c...
linking...
*** WARNING L16: UNCALLED SEGMENT, IGNORED FOR OVERLAY PROCESS
    SEGMENT: ?PR?TIMER0_INIT?BOOT
*** WARNING L16: UNCALLED SEGMENT, IGNORED FOR OVERLAY PROCESS
    SEGMENT: ?PR?SONIC_MEASURE?SONIC
*** WARNING L16: UNCALLED SEGMENT, IGNORED FOR OVERLAY PROCESS
    SEGMENT: ?PR?_SET_SEG?SEG
*** WARNING L16: UNCALLED SEGMENT, IGNORED FOR OVERLAY PROCESS
    SEGMENT: ?PR?LED_DISPLAY?LED
Program Size: data=55.2 xdata=0 code=1474
creating hex file from "315"...
"315" - 0 Error(s), 4 Warning(s).
Build target 'Target 1'
assembling STARTUP.A51...
compiling boot.c...
compiling main.c...
compiling sonic.c...
compiling key.c...
compiling seg.c...
compiling led.c...
linking...
*** WARNING L16: UNCALLED SEGMENT, IGNORED FOR OVERLAY PROCESS
    SEGMENT: ?PR?TIMER0_INIT?BOOT
*** WARNING L16: UNCALLED SEGMENT, IGNORED FOR OVERLAY PROCESS
    SEGMENT: ?PR?SONIC_MEASURE?SONIC
*** WARNING L16: UNCALLED SEGMENT, IGNORED FOR OVERLAY PROCESS
    SEGMENT: ?PR?_SET_SEG?SEG
*** WARNING L16: UNCALLED SEGMENT, IGNORED FOR OVERLAY PROCESS
    SEGMENT: ?PR?LED_DISPLAY?LED
Program Size: data=55.2 xdata=0 code=1474
creating hex file from "315"...
"315" - 0 Error(s), 4 Warning(s).
Build target 'Target 1'
assembling STARTUP.A51...
compiling boot.c...
compiling main.c...
compiling sonic.c...
compiling key.c...
compiling seg.c...
compiling led.c...
linking...
*** WARNING L16: UNCALLED SEGMENT, IGNORED FOR OVERLAY PROCESS
    SEGMENT: ?PR?TIMER0_INIT?BOOT
*** WARNING L16: UNCALLED SEGMENT, IGNORED FOR OVERLAY PROCESS
    SEGMENT: ?PR?SONIC_MEASURE?SONIC
*** WARNING L16: UNCALLED SEGMENT, IGNORED FOR OVERLAY PROCESS
    SEGMENT: ?PR?_SET_SEG?SEG
*** WARNING L16: UNCALLED SEGMENT, IGNORED FOR OVERLAY PROCESS
    SEGMENT: ?PR?LED_DISPLAY?LED
Program Size: data=55.2 xdata=0 code=1488
creating hex file from "315"...
"315" - 0 Error(s), 4 Warning(s).
Build target 'Target 1'
assembling STARTUP.A51...
compiling boot.c...
compiling main.c...
compiling sonic.c...
compiling key.c...
compiling seg.c...
compiling led.c...
linking...
*** WARNING L16: UNCALLED SEGMENT, IGNORED FOR OVERLAY PROCESS
    SEGMENT: ?PR?TIMER0_INIT?BOOT
*** WARNING L16: UNCALLED SEGMENT, IGNORED FOR OVERLAY PROCESS
    SEGMENT: ?PR?SONIC_MEASURE?SONIC
*** WARNING L16: UNCALLED SEGMENT, IGNORED FOR OVERLAY PROCESS
    SEGMENT: ?PR?LED_DISPLAY?LED
Program Size: data=53.2 xdata=0 code=1514
creating hex file from "315"...
"315" - 0 Error(s), 3 Warning(s).
Build target 'Target 1'
assembling STARTUP.A51...
compiling boot.c...
compiling main.c...
compiling sonic.c...
compiling key.c...
compiling seg.c...
compiling led.c...
linking...
*** WARNING L16: UNCALLED SEGMENT, IGNORED FOR OVERLAY PROCESS
    SEGMENT: ?PR?TIMER0_INIT?BOOT
*** WARNING L16: UNCALLED SEGMENT, IGNORED FOR OVERLAY PROCESS
    SEGMENT: ?PR?SONIC_MEASURE?SONIC
*** WARNING L16: UNCALLED SEGMENT, IGNORED FOR OVERLAY PROCESS
    SEGMENT: ?PR?LED_DISPLAY?LED
Program Size: data=53.2 xdata=0 code=1523
creating hex file from "315"...
"315" - 0 Error(s), 3 Warning(s).
Build target 'Target 1'
assembling STARTUP.A51...
compiling boot.c...
compiling main.c...
compiling sonic.c...
compiling key.c...
compiling seg.c...
compiling led.c...
linking...
*** WARNING L16: UNCALLED SEGMENT, IGNORED FOR OVERLAY PROCESS
    SEGMENT: ?PR?TIMER0_INIT?BOOT
*** WARNING L16: UNCALLED SEGMENT, IGNORED FOR OVERLAY PROCESS
    SEGMENT: ?PR?SONIC_MEASURE?SONIC
*** WARNING L16: UNCALLED SEGMENT, IGNORED FOR OVERLAY PROCESS
    SEGMENT: ?PR?_SET_SEG?SEG
*** WARNING L16: UNCALLED SEGMENT, IGNORED FOR OVERLAY PROCESS
    SEGMENT: ?PR?LED_DISPLAY?LED
Program Size: data=55.2 xdata=0 code=1497
creating hex file from "315"...
"315" - 0 Error(s), 4 Warning(s).
Build target 'Target 1'
assembling STARTUP.A51...
compiling boot.c...
compiling main.c...
compiling sonic.c...
compiling key.c...
compiling seg.c...
compiling led.c...
compiling iic.c...
IIC.C(14): warning C206: '_nop_': missing function-prototype
IIC.C(14): error C264: intrinsic '_nop_': declaration/activation error
IIC.C(24): error C202: 'sda': undefined identifier
IIC.C(25): error C202: 'scl': undefined identifier
IIC.C(27): error C202: 'sda': undefined identifier
IIC.C(29): error C202: 'scl': undefined identifier
IIC.C(35): error C202: 'sda': undefined identifier
IIC.C(36): error C202: 'scl': undefined identifier
IIC.C(38): error C202: 'sda': undefined identifier
IIC.C(48): error C202: 'scl': undefined identifier
IIC.C(51): error C202: 'sda': undefined identifier
IIC.C(54): error C202: 'sda': undefined identifier
IIC.C(57): error C202: 'scl': undefined identifier
IIC.C(62): error C202: 'scl': undefined identifier
IIC.C(71): error C202: 'scl': undefined identifier
IIC.C(74): error C202: 'sda': undefined identifier
IIC.C(76): error C202: 'scl': undefined identifier
IIC.C(87): error C202: 'scl': undefined identifier
IIC.C(89): error C202: 'sda': undefined identifier
IIC.C(90): error C202: 'scl': undefined identifier
IIC.C(99): error C202: 'scl': undefined identifier
IIC.C(100): error C202: 'sda': undefined identifier
IIC.C(102): error C202: 'scl': undefined identifier
IIC.C(104): error C202: 'scl': undefined identifier
IIC.C(105): error C202: 'sda': undefined identifier
Target not created
Build target 'Target 1'
assembling STARTUP.A51...
compiling boot.c...
compiling main.c...
compiling sonic.c...
compiling key.c...
compiling seg.c...
compiling led.c...
compiling iic.c...
IIC.C(3): error C202: 'P2': undefined identifier
IIC.C(4): error C202: 'P2': undefined identifier
Target not created
Build target 'Target 1'
assembling STARTUP.A51...
compiling boot.c...
compiling main.c...
compiling sonic.c...
compiling key.c...
compiling seg.c...
compiling led.c...
compiling iic.c...
IIC.C(108): warning C280: 'address': unreferenced local variable
linking...
*** WARNING L16: UNCALLED SEGMENT, IGNORED FOR OVERLAY PROCESS
    SEGMENT: ?PR?TIMER0_INIT?BOOT
*** WARNING L16: UNCALLED SEGMENT, IGNORED FOR OVERLAY PROCESS
    SEGMENT: ?PR?SONIC_MEASURE?SONIC
*** WARNING L16: UNCALLED SEGMENT, IGNORED FOR OVERLAY PROCESS
    SEGMENT: ?PR?_SET_SEG?SEG
*** WARNING L16: UNCALLED SEGMENT, IGNORED FOR OVERLAY PROCESS
    SEGMENT: ?PR?LED_DISPLAY?LED
*** WARNING L16: UNCALLED SEGMENT, IGNORED FOR OVERLAY PROCESS
    SEGMENT: ?PR?I2CSTART?IIC
*** WARNING L16: UNCALLED SEGMENT, IGNORED FOR OVERLAY PROCESS
    SEGMENT: ?PR?I2CSTOP?IIC
*** WARNING L16: UNCALLED SEGMENT, IGNORED FOR OVERLAY PROCESS
    SEGMENT: ?PR?_I2CSENDBYTE?IIC
*** WARNING L16: UNCALLED SEGMENT, IGNORED FOR OVERLAY PROCESS
    SEGMENT: ?PR?I2CRECEIVEBYTE?IIC
*** WARNING L16: UNCALLED SEGMENT, IGNORED FOR OVERLAY PROCESS
    SEGMENT: ?PR?I2CWAITACK?IIC
*** WARNING L16: UNCALLED SEGMENT, IGNORED FOR OVERLAY PROCESS
    SEGMENT: ?PR?_I2CSENDACK?IIC
*** WARNING L16: UNCALLED SEGMENT, IGNORED FOR OVERLAY PROCESS
    SEGMENT: ?PR?_ADC?IIC
Program Size: data=57.2 xdata=0 code=1682
creating hex file from "315"...
"315" - 0 Error(s), 12 Warning(s).
Build target 'Target 1'
assembling STARTUP.A51...
compiling boot.c...
compiling main.c...
compiling sonic.c...
compiling key.c...
compiling seg.c...
compiling led.c...
compiling iic.c...
IIC.C(128): error C174: return-expression on void-function
Target not created
Build target 'Target 1'
assembling STARTUP.A51...
compiling boot.c...
compiling main.c...
compiling sonic.c...
compiling key.c...
compiling seg.c...
compiling led.c...
compiling iic.c...
IIC.C(109): error C231: '_ADC': redefinition
IIC.C(129): error C231: '_ADC': redefinition
Target not created
Build target 'Target 1'
assembling STARTUP.A51...
compiling boot.c...
compiling main.c...
compiling sonic.c...
compiling key.c...
compiling seg.c...
compiling led.c...
compiling iic.c...
linking...
*** WARNING L16: UNCALLED SEGMENT, IGNORED FOR OVERLAY PROCESS
    SEGMENT: ?PR?TIMER0_INIT?BOOT
*** WARNING L16: UNCALLED SEGMENT, IGNORED FOR OVERLAY PROCESS
    SEGMENT: ?PR?SONIC_MEASURE?SONIC
*** WARNING L16: UNCALLED SEGMENT, IGNORED FOR OVERLAY PROCESS
    SEGMENT: ?PR?_SET_SEG?SEG
*** WARNING L16: UNCALLED SEGMENT, IGNORED FOR OVERLAY PROCESS
    SEGMENT: ?PR?LED_DISPLAY?LED
*** WARNING L16: UNCALLED SEGMENT, IGNORED FOR OVERLAY PROCESS
    SEGMENT: ?PR?_ADC?IIC
Program Size: data=56.2 xdata=0 code=1727
creating hex file from "315"...
"315" - 0 Error(s), 5 Warning(s).
Build target 'Target 1'
assembling STARTUP.A51...
compiling boot.c...
compiling main.c...
MAIN.C(24): error C202: 'sonic_flag': undefined identifier
compiling sonic.c...
compiling key.c...
compiling seg.c...
compiling led.c...
compiling iic.c...
Target not created
Build target 'Target 1'
assembling STARTUP.A51...
compiling boot.c...
compiling main.c...
MAIN.C(26): warning C206: 'sonic_proc': missing function-prototype
MAIN.C(44): error C202: 'SONIC_TIME': undefined identifier
MAIN.C(67): error C231: 'sonic_proc': redefinition
MAIN.C(69): error C231: 'sonic_proc': redefinition
compiling sonic.c...
compiling key.c...
compiling seg.c...
compiling led.c...
compiling iic.c...
Target not created
Build target 'Target 1'
assembling STARTUP.A51...
compiling boot.c...
compiling main.c...
MAIN.C(44): error C202: 'SONIC_TIME': undefined identifier
compiling sonic.c...
compiling key.c...
compiling seg.c...
compiling led.c...
compiling iic.c...
Target not created
Build target 'Target 1'
assembling STARTUP.A51...
compiling boot.c...
compiling main.c...
compiling sonic.c...
compiling key.c...
compiling seg.c...
compiling led.c...
compiling iic.c...
linking...
*** WARNING L16: UNCALLED SEGMENT, IGNORED FOR OVERLAY PROCESS
    SEGMENT: ?PR?TIMER0_INIT?BOOT
*** WARNING L16: UNCALLED SEGMENT, IGNORED FOR OVERLAY PROCESS
    SEGMENT: ?PR?LED_DISPLAY?LED
*** WARNING L16: UNCALLED SEGMENT, IGNORED FOR OVERLAY PROCESS
    SEGMENT: ?PR?_ADC?IIC
Program Size: data=52.3 xdata=0 code=1819
creating hex file from "315"...
"315" - 0 Error(s), 3 Warning(s).
Build target 'Target 1'
assembling STARTUP.A51...
compiling boot.c...
compiling main.c...
compiling sonic.c...
compiling key.c...
compiling seg.c...
compiling led.c...
compiling iic.c...
linking...
*** WARNING L16: UNCALLED SEGMENT, IGNORED FOR OVERLAY PROCESS
    SEGMENT: ?PR?TIMER0_INIT?BOOT
*** WARNING L16: UNCALLED SEGMENT, IGNORED FOR OVERLAY PROCESS
    SEGMENT: ?PR?LED_DISPLAY?LED
*** WARNING L16: UNCALLED SEGMENT, IGNORED FOR OVERLAY PROCESS
    SEGMENT: ?PR?_ADC?IIC
Program Size: data=52.3 xdata=0 code=1819
creating hex file from "315"...
"315" - 0 Error(s), 3 Warning(s).
Build target 'Target 1'
assembling STARTUP.A51...
compiling boot.c...
compiling main.c...
MAIN.C(71): error C193: '*': bad operand type
compiling sonic.c...
compiling key.c...
compiling seg.c...
compiling led.c...
compiling iic.c...
Target not created
Build target 'Target 1'
assembling STARTUP.A51...
compiling boot.c...
compiling main.c...
compiling sonic.c...
compiling key.c...
compiling seg.c...
compiling led.c...
compiling iic.c...
linking...
*** WARNING L16: UNCALLED SEGMENT, IGNORED FOR OVERLAY PROCESS
    SEGMENT: ?PR?TIMER0_INIT?BOOT
*** WARNING L16: UNCALLED SEGMENT, IGNORED FOR OVERLAY PROCESS
    SEGMENT: ?PR?LED_DISPLAY?LED
*** WARNING L16: UNCALLED SEGMENT, IGNORED FOR OVERLAY PROCESS
    SEGMENT: ?PR?_ADC?IIC
Program Size: data=53.3 xdata=0 code=1868
creating hex file from "315"...
"315" - 0 Error(s), 3 Warning(s).
Build target 'Target 1'
assembling STARTUP.A51...
compiling boot.c...
compiling main.c...
compiling sonic.c...
compiling key.c...
compiling seg.c...
compiling led.c...
compiling iic.c...
linking...
*** WARNING L16: UNCALLED SEGMENT, IGNORED FOR OVERLAY PROCESS
    SEGMENT: ?PR?TIMER0_INIT?BOOT
*** WARNING L16: UNCALLED SEGMENT, IGNORED FOR OVERLAY PROCESS
    SEGMENT: ?PR?LED_DISPLAY?LED
*** WARNING L16: UNCALLED SEGMENT, IGNORED FOR OVERLAY PROCESS
    SEGMENT: ?PR?_ADC?IIC
Program Size: data=53.3 xdata=0 code=1870
creating hex file from "315"...
"315" - 0 Error(s), 3 Warning(s).
Build target 'Target 1'
assembling STARTUP.A51...
compiling boot.c...
compiling main.c...
compiling sonic.c...
compiling key.c...
compiling seg.c...
compiling led.c...
compiling iic.c...
linking...
*** WARNING L16: UNCALLED SEGMENT, IGNORED FOR OVERLAY PROCESS
    SEGMENT: ?PR?TIMER0_INIT?BOOT
*** WARNING L16: UNCALLED SEGMENT, IGNORED FOR OVERLAY PROCESS
    SEGMENT: ?PR?LED_DISPLAY?LED
*** WARNING L16: UNCALLED SEGMENT, IGNORED FOR OVERLAY PROCESS
    SEGMENT: ?PR?_ADC?IIC
Program Size: data=53.3 xdata=0 code=1870
creating hex file from "315"...
"315" - 0 Error(s), 3 Warning(s).
Build target 'Target 1'
compiling main.c...
linking...
*** WARNING L16: UNCALLED SEGMENT, IGNORED FOR OVERLAY PROCESS
    SEGMENT: ?PR?TIMER0_INIT?BOOT
*** WARNING L16: UNCALLED SEGMENT, IGNORED FOR OVERLAY PROCESS
    SEGMENT: ?PR?LED_DISPLAY?LED
*** WARNING L16: UNCALLED SEGMENT, IGNORED FOR OVERLAY PROCESS
    SEGMENT: ?PR?_ADC?IIC
Program Size: data=53.3 xdata=0 code=1877
creating hex file from "315"...
"315" - 0 Error(s), 3 Warning(s).
Build target 'Target 1'
assembling STARTUP.A51...
compiling boot.c...
compiling main.c...
compiling sonic.c...
compiling key.c...
compiling seg.c...
compiling led.c...
compiling iic.c...
linking...
*** WARNING L16: UNCALLED SEGMENT, IGNORED FOR OVERLAY PROCESS
    SEGMENT: ?PR?TIMER0_INIT?BOOT
*** WARNING L16: UNCALLED SEGMENT, IGNORED FOR OVERLAY PROCESS
    SEGMENT: ?PR?LED_DISPLAY?LED
*** WARNING L16: UNCALLED SEGMENT, IGNORED FOR OVERLAY PROCESS
    SEGMENT: ?PR?_ADC?IIC
Program Size: data=53.3 xdata=0 code=1877
creating hex file from "315"...
"315" - 0 Error(s), 3 Warning(s).
Build target 'Target 1'
assembling STARTUP.A51...
compiling boot.c...
compiling main.c...
compiling sonic.c...
compiling key.c...
compiling seg.c...
compiling led.c...
compiling iic.c...
linking...
*** WARNING L16: UNCALLED SEGMENT, IGNORED FOR OVERLAY PROCESS
    SEGMENT: ?PR?TIMER0_INIT?BOOT
*** WARNING L16: UNCALLED SEGMENT, IGNORED FOR OVERLAY PROCESS
    SEGMENT: ?PR?LED_DISPLAY?LED
*** WARNING L16: UNCALLED SEGMENT, IGNORED FOR OVERLAY PROCESS
    SEGMENT: ?PR?_ADC?IIC
Program Size: data=59.3 xdata=0 code=1973
creating hex file from "315"...
"315" - 0 Error(s), 3 Warning(s).
Build target 'Target 1'
assembling STARTUP.A51...
compiling boot.c...
compiling main.c...
compiling sonic.c...
compiling key.c...
compiling seg.c...
compiling led.c...
compiling iic.c...
linking...
*** WARNING L16: UNCALLED SEGMENT, IGNORED FOR OVERLAY PROCESS
    SEGMENT: ?PR?TIMER0_INIT?BOOT
*** WARNING L16: UNCALLED SEGMENT, IGNORED FOR OVERLAY PROCESS
    SEGMENT: ?PR?LED_DISPLAY?LED
*** WARNING L16: UNCALLED SEGMENT, IGNORED FOR OVERLAY PROCESS
    SEGMENT: ?PR?_ADC?IIC
Program Size: data=59.3 xdata=0 code=1976
creating hex file from "315"...
"315" - 0 Error(s), 3 Warning(s).
Build target 'Target 1'
assembling STARTUP.A51...
compiling boot.c...
compiling main.c...
compiling sonic.c...
compiling key.c...
compiling seg.c...
compiling led.c...
compiling iic.c...
linking...
*** WARNING L16: UNCALLED SEGMENT, IGNORED FOR OVERLAY PROCESS
    SEGMENT: ?PR?TIMER0_INIT?BOOT
*** WARNING L16: UNCALLED SEGMENT, IGNORED FOR OVERLAY PROCESS
    SEGMENT: ?PR?LED_DISPLAY?LED
*** WARNING L16: UNCALLED SEGMENT, IGNORED FOR OVERLAY PROCESS
    SEGMENT: ?PR?_ADC?IIC
Program Size: data=59.3 xdata=0 code=1995
creating hex file from "315"...
"315" - 0 Error(s), 3 Warning(s).
Build target 'Target 1'
assembling STARTUP.A51...
compiling boot.c...
compiling main.c...
compiling sonic.c...
compiling key.c...
compiling seg.c...
compiling led.c...
compiling iic.c...
linking...
*** WARNING L16: UNCALLED SEGMENT, IGNORED FOR OVERLAY PROCESS
    SEGMENT: ?PR?TIMER0_INIT?BOOT
*** WARNING L16: UNCALLED SEGMENT, IGNORED FOR OVERLAY PROCESS
    SEGMENT: ?PR?LED_DISPLAY?LED
*** WARNING L16: UNCALLED SEGMENT, IGNORED FOR OVERLAY PROCESS
    SEGMENT: ?PR?_ADC?IIC
Program Size: data=59.3 xdata=0 code=1995
creating hex file from "315"...
"315" - 0 Error(s), 3 Warning(s).
Build target 'Target 1'
assembling STARTUP.A51...
compiling boot.c...
compiling main.c...
MAIN.C(39): warning C206: 'adc_proc': missing function-prototype
MAIN.C(101): error C223: mod by zero
MAIN.C(127): error C231: 'adc_proc': redefinition
compiling sonic.c...
compiling key.c...
compiling seg.c...
compiling led.c...
compiling iic.c...
Target not created
Build target 'Target 1'
assembling STARTUP.A51...
compiling boot.c...
compiling main.c...
MAIN.C(101): error C223: mod by zero
compiling sonic.c...
compiling key.c...
compiling seg.c...
compiling led.c...
compiling iic.c...
Target not created
Build target 'Target 1'
assembling STARTUP.A51...
compiling boot.c...
compiling main.c...
MAIN.C(101): error C223: mod by zero
compiling sonic.c...
compiling key.c...
compiling seg.c...
compiling led.c...
compiling iic.c...
Target not created
Build target 'Target 1'
assembling STARTUP.A51...
compiling boot.c...
compiling main.c...
MAIN.C(103): error C223: mod by zero
compiling sonic.c...
compiling key.c...
compiling seg.c...
compiling led.c...
compiling iic.c...
Target not created
Build target 'Target 1'
assembling STARTUP.A51...
compiling boot.c...
compiling main.c...
MAIN.C(131): warning C206: 'ADC': missing function-prototype
MAIN.C(131): error C267: 'ADC': requires ANSI-style prototype
MAIN.C(137): error C202: 'low': undefined identifier
MAIN.C(139): error C141: syntax error near '<'
MAIN.C(157): error C202: 'low': undefined identifier
compiling sonic.c...
compiling key.c...
compiling seg.c...
compiling led.c...
compiling iic.c...
Target not created
Build target 'Target 1'
assembling STARTUP.A51...
compiling boot.c...
compiling main.c...
MAIN.C(137): error C202: 'low': undefined identifier
MAIN.C(139): error C141: syntax error near '<'
MAIN.C(157): error C202: 'low': undefined identifier
compiling sonic.c...
compiling key.c...
compiling seg.c...
compiling led.c...
compiling iic.c...
Target not created
Build target 'Target 1'
assembling STARTUP.A51...
compiling boot.c...
compiling main.c...
MAIN.C(139): error C141: syntax error near '<'
MAIN.C(157): error C202: 'low': undefined identifier
compiling sonic.c...
compiling key.c...
compiling seg.c...
compiling led.c...
compiling iic.c...
Target not created
Build target 'Target 1'
assembling STARTUP.A51...
compiling boot.c...
compiling main.c...
compiling sonic.c...
compiling key.c...
compiling seg.c...
compiling led.c...
compiling iic.c...
linking...
*** WARNING L16: UNCALLED SEGMENT, IGNORED FOR OVERLAY PROCESS
    SEGMENT: ?PR?TIMER0_INIT?BOOT
*** WARNING L16: UNCALLED SEGMENT, IGNORED FOR OVERLAY PROCESS
    SEGMENT: ?PR?LED_DISPLAY?LED
Program Size: data=58.5 xdata=0 code=2083
creating hex file from "315"...
"315" - 0 Error(s), 2 Warning(s).
Build target 'Target 1'
assembling STARTUP.A51...
compiling boot.c...
compiling main.c...
MAIN.C(103): error C223: mod by zero
compiling sonic.c...
compiling key.c...
compiling seg.c...
compiling led.c...
compiling iic.c...
Target not created
Build target 'Target 1'
assembling STARTUP.A51...
compiling boot.c...
compiling main.c...
compiling sonic.c...
compiling key.c...
compiling seg.c...
compiling led.c...
compiling iic.c...
linking...
*** WARNING L16: UNCALLED SEGMENT, IGNORED FOR OVERLAY PROCESS
    SEGMENT: ?PR?TIMER0_INIT?BOOT
*** WARNING L16: UNCALLED SEGMENT, IGNORED FOR OVERLAY PROCESS
    SEGMENT: ?PR?LED_DISPLAY?LED
Program Size: data=58.5 xdata=0 code=2094
creating hex file from "315"...
"315" - 0 Error(s), 2 Warning(s).
Build target 'Target 1'
assembling STARTUP.A51...
compiling boot.c...
compiling main.c...
compiling sonic.c...
compiling key.c...
compiling seg.c...
compiling led.c...
compiling iic.c...
linking...
*** WARNING L16: UNCALLED SEGMENT, IGNORED FOR OVERLAY PROCESS
    SEGMENT: ?PR?TIMER0_INIT?BOOT
*** WARNING L16: UNCALLED SEGMENT, IGNORED FOR OVERLAY PROCESS
    SEGMENT: ?PR?LED_DISPLAY?LED
Program Size: data=58.5 xdata=0 code=2094
creating hex file from "315"...
"315" - 0 Error(s), 2 Warning(s).
Build target 'Target 1'
assembling STARTUP.A51...
compiling boot.c...
compiling main.c...
compiling sonic.c...
compiling key.c...
compiling seg.c...
compiling led.c...
compiling iic.c...
linking...
*** WARNING L16: UNCALLED SEGMENT, IGNORED FOR OVERLAY PROCESS
    SEGMENT: ?PR?TIMER0_INIT?BOOT
*** WARNING L16: UNCALLED SEGMENT, IGNORED FOR OVERLAY PROCESS
    SEGMENT: ?PR?LED_DISPLAY?LED
Program Size: data=58.5 xdata=0 code=2094
creating hex file from "315"...
"315" - 0 Error(s), 2 Warning(s).
Build target 'Target 1'
compiling main.c...
MAIN.C(158): error C213: left side of asn-op not an lvalue
Target not created
Build target 'Target 1'
assembling STARTUP.A51...
compiling boot.c...
compiling main.c...
MAIN.C(158): error C213: left side of asn-op not an lvalue
compiling sonic.c...
compiling key.c...
compiling seg.c...
compiling led.c...
compiling iic.c...
Target not created
Build target 'Target 1'
assembling STARTUP.A51...
compiling boot.c...
compiling main.c...
compiling sonic.c...
compiling key.c...
compiling seg.c...
compiling led.c...
compiling iic.c...
linking...
*** WARNING L16: UNCALLED SEGMENT, IGNORED FOR OVERLAY PROCESS
    SEGMENT: ?PR?TIMER0_INIT?BOOT
*** WARNING L16: UNCALLED SEGMENT, IGNORED FOR OVERLAY PROCESS
    SEGMENT: ?PR?LED_DISPLAY?LED
Program Size: data=57.5 xdata=0 code=2184
creating hex file from "315"...
"315" - 0 Error(s), 2 Warning(s).
Build target 'Target 1'
assembling STARTUP.A51...
compiling boot.c...
compiling main.c...
compiling sonic.c...
compiling key.c...
compiling seg.c...
compiling led.c...
compiling iic.c...
linking...
*** WARNING L16: UNCALLED SEGMENT, IGNORED FOR OVERLAY PROCESS
    SEGMENT: ?PR?TIMER0_INIT?BOOT
*** WARNING L16: UNCALLED SEGMENT, IGNORED FOR OVERLAY PROCESS
    SEGMENT: ?PR?LED_DISPLAY?LED
Program Size: data=57.5 xdata=0 code=2184
creating hex file from "315"...
"315" - 0 Error(s), 2 Warning(s).
Build target 'Target 1'
assembling STARTUP.A51...
compiling boot.c...
compiling main.c...
compiling sonic.c...
compiling key.c...
compiling seg.c...
compiling led.c...
compiling iic.c...
linking...
*** WARNING L16: UNCALLED SEGMENT, IGNORED FOR OVERLAY PROCESS
    SEGMENT: ?PR?TIMER0_INIT?BOOT
*** WARNING L16: UNCALLED SEGMENT, IGNORED FOR OVERLAY PROCESS
    SEGMENT: ?PR?LED_DISPLAY?LED
Program Size: data=57.5 xdata=0 code=2189
creating hex file from "315"...
"315" - 0 Error(s), 2 Warning(s).
Build target 'Target 1'
assembling STARTUP.A51...
compiling boot.c...
compiling main.c...
compiling sonic.c...
compiling key.c...
compiling seg.c...
compiling led.c...
compiling iic.c...
linking...
*** WARNING L16: UNCALLED SEGMENT, IGNORED FOR OVERLAY PROCESS
    SEGMENT: ?PR?TIMER0_INIT?BOOT
*** WARNING L16: UNCALLED SEGMENT, IGNORED FOR OVERLAY PROCESS
    SEGMENT: ?PR?LED_DISPLAY?LED
Program Size: data=57.5 xdata=0 code=2189
creating hex file from "315"...
"315" - 0 Error(s), 2 Warning(s).
Build target 'Target 1'
assembling STARTUP.A51...
compiling boot.c...
compiling main.c...
MAIN.C(191): error C202: 'adc': undefined identifier
MAIN.C(192): error C202: 'adc': undefined identifier
MAIN.C(193): error C202: 'adc': undefined identifier
compiling sonic.c...
compiling key.c...
compiling seg.c...
compiling led.c...
compiling iic.c...
Target not created
Build target 'Target 1'
assembling STARTUP.A51...
compiling boot.c...
compiling main.c...
compiling sonic.c...
compiling key.c...
compiling seg.c...
compiling led.c...
compiling iic.c...
linking...
*** WARNING L16: UNCALLED SEGMENT, IGNORED FOR OVERLAY PROCESS
    SEGMENT: ?PR?TIMER0_INIT?BOOT
*** WARNING L16: UNCALLED SEGMENT, IGNORED FOR OVERLAY PROCESS
    SEGMENT: ?PR?LED_DISPLAY?LED
Program Size: data=58.5 xdata=0 code=2212
creating hex file from "315"...
"315" - 0 Error(s), 2 Warning(s).
Build target 'Target 1'
assembling STARTUP.A51...
compiling boot.c...
compiling main.c...
compiling sonic.c...
compiling key.c...
compiling seg.c...
compiling led.c...
compiling iic.c...
linking...
*** WARNING L16: UNCALLED SEGMENT, IGNORED FOR OVERLAY PROCESS
    SEGMENT: ?PR?TIMER0_INIT?BOOT
*** WARNING L16: UNCALLED SEGMENT, IGNORED FOR OVERLAY PROCESS
    SEGMENT: ?PR?LED_DISPLAY?LED
Program Size: data=58.5 xdata=0 code=2212
creating hex file from "315"...
"315" - 0 Error(s), 2 Warning(s).
Build target 'Target 1'
assembling STARTUP.A51...
compiling boot.c...
compiling main.c...
compiling sonic.c...
compiling key.c...
compiling seg.c...
compiling led.c...
compiling iic.c...
linking...
*** WARNING L16: UNCALLED SEGMENT, IGNORED FOR OVERLAY PROCESS
    SEGMENT: ?PR?TIMER0_INIT?BOOT
*** WARNING L16: UNCALLED SEGMENT, IGNORED FOR OVERLAY PROCESS
    SEGMENT: ?PR?LED_DISPLAY?LED
Program Size: data=58.5 xdata=0 code=2212
creating hex file from "315"...
"315" - 0 Error(s), 2 Warning(s).
Build target 'Target 1'
assembling STARTUP.A51...
compiling boot.c...
compiling main.c...
compiling sonic.c...
compiling key.c...
compiling seg.c...
compiling led.c...
compiling iic.c...
linking...
*** WARNING L16: UNCALLED SEGMENT, IGNORED FOR OVERLAY PROCESS
    SEGMENT: ?PR?TIMER0_INIT?BOOT
*** WARNING L16: UNCALLED SEGMENT, IGNORED FOR OVERLAY PROCESS
    SEGMENT: ?PR?LED_DISPLAY?LED
Program Size: data=58.5 xdata=0 code=2212
creating hex file from "315"...
"315" - 0 Error(s), 2 Warning(s).
Build target 'Target 1'
compiling main.c...
linking...
*** WARNING L16: UNCALLED SEGMENT, IGNORED FOR OVERLAY PROCESS
    SEGMENT: ?PR?TIMER0_INIT?BOOT
*** WARNING L16: UNCALLED SEGMENT, IGNORED FOR OVERLAY PROCESS
    SEGMENT: ?PR?LED_DISPLAY?LED
Program Size: data=58.5 xdata=0 code=2241
creating hex file from "315"...
"315" - 0 Error(s), 2 Warning(s).
Build target 'Target 1'
assembling STARTUP.A51...
compiling boot.c...
compiling main.c...
compiling sonic.c...
compiling key.c...
compiling seg.c...
compiling led.c...
compiling iic.c...
linking...
*** WARNING L16: UNCALLED SEGMENT, IGNORED FOR OVERLAY PROCESS
    SEGMENT: ?PR?TIMER0_INIT?BOOT
*** WARNING L16: UNCALLED SEGMENT, IGNORED FOR OVERLAY PROCESS
    SEGMENT: ?PR?LED_DISPLAY?LED
Program Size: data=58.5 xdata=0 code=2241
creating hex file from "315"...
"315" - 0 Error(s), 2 Warning(s).
Build target 'Target 1'
assembling STARTUP.A51...
compiling boot.c...
compiling main.c...
MAIN.C(166): error C141: syntax error near '='
MAIN.C(166): error C141: syntax error near ')'
compiling sonic.c...
compiling key.c...
compiling seg.c...
compiling led.c...
compiling iic.c...
Target not created
Build target 'Target 1'
assembling STARTUP.A51...
compiling boot.c...
compiling main.c...
compiling sonic.c...
compiling key.c...
compiling seg.c...
compiling led.c...
compiling iic.c...
linking...
*** WARNING L16: UNCALLED SEGMENT, IGNORED FOR OVERLAY PROCESS
    SEGMENT: ?PR?TIMER0_INIT?BOOT
*** WARNING L16: UNCALLED SEGMENT, IGNORED FOR OVERLAY PROCESS
    SEGMENT: ?PR?LED_DISPLAY?LED
Program Size: data=58.5 xdata=0 code=2243
creating hex file from "315"...
"315" - 0 Error(s), 2 Warning(s).
Build target 'Target 1'
assembling STARTUP.A51...
compiling boot.c...
compiling main.c...
compiling sonic.c...
compiling key.c...
compiling seg.c...
compiling led.c...
compiling iic.c...
linking...
*** WARNING L16: UNCALLED SEGMENT, IGNORED FOR OVERLAY PROCESS
    SEGMENT: ?PR?TIMER0_INIT?BOOT
*** WARNING L16: UNCALLED SEGMENT, IGNORED FOR OVERLAY PROCESS
    SEGMENT: ?PR?LED_DISPLAY?LED
*** WARNING L16: UNCALLED SEGMENT, IGNORED FOR OVERLAY PROCESS
    SEGMENT: ?PR?_LED_STATE?LED
Program Size: data=58.5 xdata=0 code=2259
creating hex file from "315"...
"315" - 0 Error(s), 3 Warning(s).
Build target 'Target 1'
assembling STARTUP.A51...
compiling boot.c...
compiling main.c...
compiling sonic.c...
compiling key.c...
compiling seg.c...
compiling led.c...
compiling iic.c...
linking...
*** WARNING L16: UNCALLED SEGMENT, IGNORED FOR OVERLAY PROCESS
    SEGMENT: ?PR?TIMER0_INIT?BOOT
*** WARNING L16: UNCALLED SEGMENT, IGNORED FOR OVERLAY PROCESS
    SEGMENT: ?PR?LED_DISPLAY?LED
Program Size: data=58.5 xdata=0 code=2262
creating hex file from "315"...
"315" - 0 Error(s), 2 Warning(s).
Build target 'Target 1'
assembling STARTUP.A51...
compiling boot.c...
compiling main.c...
MAIN.C(47): error C202: 'i': undefined identifier
compiling sonic.c...
compiling key.c...
compiling seg.c...
compiling led.c...
compiling iic.c...
Target not created
Build target 'Target 1'
assembling STARTUP.A51...
compiling boot.c...
compiling main.c...
MAIN.C(75): error C202: 'LED_TIME': undefined identifier
compiling sonic.c...
compiling key.c...
compiling seg.c...
compiling led.c...
compiling iic.c...
Target not created
Build target 'Target 1'
assembling STARTUP.A51...
compiling boot.c...
compiling main.c...
compiling sonic.c...
compiling key.c...
compiling seg.c...
compiling led.c...
compiling iic.c...
linking...
*** WARNING L16: UNCALLED SEGMENT, IGNORED FOR OVERLAY PROCESS
    SEGMENT: ?PR?TIMER0_INIT?BOOT
Program Size: data=58.5 xdata=0 code=2269
creating hex file from "315"...
"315" - 0 Error(s), 1 Warning(s).
Build target 'Target 1'
assembling STARTUP.A51...
compiling boot.c...
compiling main.c...
compiling sonic.c...
compiling key.c...
compiling seg.c...
compiling led.c...
compiling iic.c...
linking...
Program Size: data=58.5 xdata=0 code=2250
creating hex file from "315"...
"315" - 0 Error(s), 0 Warning(s).
Build target 'Target 1'
assembling STARTUP.A51...
compiling boot.c...
compiling main.c...
compiling sonic.c...
compiling key.c...
compiling seg.c...
compiling led.c...
compiling iic.c...
linking...
Program Size: data=58.5 xdata=0 code=2250
creating hex file from "315"...
"315" - 0 Error(s), 0 Warning(s).
Build target 'Target 1'
assembling STARTUP.A51...
compiling boot.c...
compiling main.c...
compiling sonic.c...
compiling key.c...
compiling seg.c...
compiling led.c...
compiling iic.c...
linking...
Program Size: data=58.5 xdata=0 code=2258
creating hex file from "315"...
"315" - 0 Error(s), 0 Warning(s).
Build target 'Target 1'
assembling STARTUP.A51...
compiling boot.c...
compiling main.c...
compiling sonic.c...
compiling key.c...
compiling seg.c...
compiling led.c...
compiling iic.c...
linking...
Program Size: data=58.5 xdata=0 code=2258
creating hex file from "315"...
"315" - 0 Error(s), 0 Warning(s).
Build target 'Target 1'
assembling STARTUP.A51...
compiling boot.c...
compiling main.c...
compiling sonic.c...
compiling key.c...
compiling seg.c...
compiling led.c...
compiling iic.c...
linking...
Program Size: data=58.5 xdata=0 code=2269
creating hex file from "315"...
"315" - 0 Error(s), 0 Warning(s).
Build target 'Target 1'
assembling STARTUP.A51...
compiling boot.c...
compiling main.c...
compiling sonic.c...
compiling key.c...
compiling seg.c...
compiling led.c...
compiling iic.c...
linking...
Program Size: data=58.5 xdata=0 code=2266
creating hex file from "315"...
"315" - 0 Error(s), 0 Warning(s).
Build target 'Target 1'
assembling STARTUP.A51...
compiling boot.c...
compiling main.c...
compiling sonic.c...
compiling key.c...
compiling seg.c...
compiling led.c...
compiling iic.c...
linking...
Program Size: data=58.5 xdata=0 code=2266
creating hex file from "315"...
"315" - 0 Error(s), 0 Warning(s).
Build target 'Target 1'
assembling STARTUP.A51...
compiling boot.c...
compiling main.c...
compiling sonic.c...
compiling key.c...
compiling seg.c...
compiling led.c...
compiling iic.c...
linking...
Program Size: data=58.5 xdata=0 code=2271
creating hex file from "315"...
"315" - 0 Error(s), 0 Warning(s).
Build target 'Target 1'
assembling STARTUP.A51...
compiling boot.c...
compiling main.c...
compiling sonic.c...
compiling key.c...
compiling seg.c...
compiling led.c...
compiling iic.c...
linking...
Program Size: data=58.5 xdata=0 code=2271
creating hex file from "315"...
"315" - 0 Error(s), 0 Warning(s).
Build target 'Target 1'
assembling STARTUP.A51...
compiling boot.c...
compiling main.c...
compiling sonic.c...
compiling key.c...
compiling seg.c...
compiling led.c...
compiling iic.c...
linking...
Program Size: data=58.5 xdata=0 code=2278
creating hex file from "315"...
"315" - 0 Error(s), 0 Warning(s).
Build target 'Target 1'
assembling STARTUP.A51...
compiling boot.c...
compiling main.c...
compiling sonic.c...
compiling key.c...
compiling seg.c...
compiling led.c...
compiling iic.c...
linking...
Program Size: data=58.5 xdata=0 code=2278
creating hex file from "315"...
"315" - 0 Error(s), 0 Warning(s).
Build target 'Target 1'
assembling STARTUP.A51...
compiling boot.c...
compiling main.c...
compiling sonic.c...
compiling key.c...
compiling seg.c...
compiling led.c...
compiling iic.c...
linking...
Program Size: data=58.5 xdata=0 code=2248
creating hex file from "315"...
"315" - 0 Error(s), 0 Warning(s).
Build target 'Target 1'
assembling STARTUP.A51...
compiling boot.c...
compiling main.c...
compiling sonic.c...
compiling key.c...
compiling seg.c...
compiling led.c...
compiling iic.c...
linking...
Program Size: data=58.5 xdata=0 code=2243
creating hex file from "315"...
"315" - 0 Error(s), 0 Warning(s).
Build target 'Target 1'
assembling STARTUP.A51...
compiling boot.c...
compiling main.c...
compiling sonic.c...
compiling key.c...
compiling seg.c...
compiling led.c...
compiling iic.c...
linking...
Program Size: data=58.5 xdata=0 code=2243
creating hex file from "315"...
"315" - 0 Error(s), 0 Warning(s).
Build target 'Target 1'
assembling STARTUP.A51...
compiling boot.c...
compiling main.c...
compiling sonic.c...
compiling key.c...
compiling seg.c...
compiling led.c...
compiling iic.c...
linking...
Program Size: data=58.5 xdata=0 code=2253
creating hex file from "315"...
"315" - 0 Error(s), 0 Warning(s).
Build target 'Target 1'
assembling STARTUP.A51...
compiling boot.c...
compiling main.c...
MAIN.C(112): error C202: 'state_1': undefined identifier
MAIN.C(206): error C202: 'state_1': undefined identifier
compiling sonic.c...
compiling key.c...
compiling seg.c...
compiling led.c...
compiling iic.c...
Target not created
Build target 'Target 1'
assembling STARTUP.A51...
compiling boot.c...
compiling main.c...
MAIN.C(206): error C202: 'state_1': undefined identifier
compiling sonic.c...
compiling key.c...
compiling seg.c...
compiling led.c...
compiling iic.c...
Target not created
Build target 'Target 1'
assembling STARTUP.A51...
compiling boot.c...
compiling main.c...
compiling sonic.c...
compiling key.c...
compiling seg.c...
compiling led.c...
compiling iic.c...
linking...
Program Size: data=58.5 xdata=0 code=2260
creating hex file from "315"...
"315" - 0 Error(s), 0 Warning(s).
Build target 'Target 1'
assembling STARTUP.A51...
compiling boot.c...
compiling main.c...
compiling sonic.c...
compiling key.c...
compiling seg.c...
compiling led.c...
compiling iic.c...
linking...
Program Size: data=58.5 xdata=0 code=2260
creating hex file from "315"...
"315" - 0 Error(s), 0 Warning(s).
Build target 'Target 1'
assembling STARTUP.A51...
compiling boot.c...
compiling main.c...
compiling sonic.c...
compiling key.c...
compiling seg.c...
compiling led.c...
compiling iic.c...
linking...
Program Size: data=58.5 xdata=0 code=2260
creating hex file from "315"...
"315" - 0 Error(s), 0 Warning(s).
Build target 'Target 1'
assembling STARTUP.A51...
compiling boot.c...
compiling main.c...
compiling sonic.c...
compiling key.c...
compiling seg.c...
compiling led.c...
compiling iic.c...
linking...
*** WARNING L16: UNCALLED SEGMENT, IGNORED FOR OVERLAY PROCESS
    SEGMENT: ?PR?LED_SHAN?LED
Program Size: data=59.6 xdata=0 code=2303
creating hex file from "315"...
"315" - 0 Error(s), 1 Warning(s).
Build target 'Target 1'
assembling STARTUP.A51...
compiling boot.c...
compiling main.c...
compiling sonic.c...
compiling key.c...
compiling seg.c...
compiling led.c...
compiling iic.c...
linking...
Program Size: data=59.6 xdata=0 code=2324
creating hex file from "315"...
"315" - 0 Error(s), 0 Warning(s).
Build target 'Target 1'
assembling STARTUP.A51...
compiling boot.c...
compiling main.c...
MAIN.C(152): warning C280: 'check_distance': unreferenced local variable
compiling sonic.c...
compiling key.c...
compiling seg.c...
compiling led.c...
compiling iic.c...
linking...
*** WARNING L16: UNCALLED SEGMENT, IGNORED FOR OVERLAY PROCESS
    SEGMENT: ?PR?CHECK_DISTANCE?MAIN
Program Size: data=59.6 xdata=0 code=2325
creating hex file from "315"...
"315" - 0 Error(s), 2 Warning(s).
Build target 'Target 1'
assembling STARTUP.A51...
compiling boot.c...
compiling main.c...
MAIN.C(162): error C211: call not to a function
compiling sonic.c...
compiling key.c...
compiling seg.c...
compiling led.c...
compiling iic.c...
Target not created
Build target 'Target 1'
assembling STARTUP.A51...
compiling boot.c...
compiling main.c...
MAIN.C(162): error C211: call not to a function
compiling sonic.c...
compiling key.c...
compiling seg.c...
compiling led.c...
compiling iic.c...
Target not created
Build target 'Target 1'
assembling STARTUP.A51...
compiling boot.c...
compiling main.c...
MAIN.C(162): error C211: call not to a function
compiling sonic.c...
compiling key.c...
compiling seg.c...
compiling led.c...
compiling iic.c...
Target not created
Build target 'Target 1'
assembling STARTUP.A51...
compiling boot.c...
compiling main.c...
MAIN.C(162): error C211: call not to a function
compiling sonic.c...
compiling key.c...
compiling seg.c...
compiling led.c...
compiling iic.c...
Target not created
Build target 'Target 1'
assembling STARTUP.A51...
compiling boot.c...
compiling main.c...
MAIN.C(162): error C211: call not to a function
compiling sonic.c...
compiling key.c...
compiling seg.c...
compiling led.c...
compiling iic.c...
Target not created
Build target 'Target 1'
assembling STARTUP.A51...
compiling boot.c...
compiling main.c...
compiling sonic.c...
compiling key.c...
compiling seg.c...
compiling led.c...
compiling iic.c...
linking...
Program Size: data=59.6 xdata=0 code=2327
creating hex file from "315"...
"315" - 0 Error(s), 0 Warning(s).
Build target 'Target 1'
assembling STARTUP.A51...
compiling boot.c...
compiling main.c...
compiling sonic.c...
compiling key.c...
compiling seg.c...
compiling led.c...
compiling iic.c...
linking...
Program Size: data=59.6 xdata=0 code=2327
creating hex file from "315"...
"315" - 0 Error(s), 0 Warning(s).
Build target 'Target 1'
assembling STARTUP.A51...
compiling boot.c...
compiling main.c...
compiling sonic.c...
compiling key.c...
compiling seg.c...
compiling led.c...
compiling iic.c...
linking...
Program Size: data=59.6 xdata=0 code=2327
creating hex file from "315"...
"315" - 0 Error(s), 0 Warning(s).
Build target 'Target 1'
assembling STARTUP.A51...
compiling boot.c...
compiling main.c...
compiling sonic.c...
compiling key.c...
compiling seg.c...
compiling led.c...
compiling iic.c...
linking...
Program Size: data=59.6 xdata=0 code=2319
creating hex file from "315"...
"315" - 0 Error(s), 0 Warning(s).
Build target 'Target 1'
assembling STARTUP.A51...
compiling boot.c...
compiling main.c...
compiling sonic.c...
compiling key.c...
compiling seg.c...
compiling led.c...
compiling iic.c...
linking...
Program Size: data=59.6 xdata=0 code=2321
creating hex file from "315"...
"315" - 0 Error(s), 0 Warning(s).
Build target 'Target 1'
assembling STARTUP.A51...
compiling boot.c...
compiling main.c...
MAIN.C(167): error C231: 'dis': redefinition
compiling sonic.c...
compiling key.c...
compiling seg.c...
compiling led.c...
compiling iic.c...
Target not created
Build target 'Target 1'
assembling STARTUP.A51...
compiling boot.c...
compiling main.c...
compiling sonic.c...
compiling key.c...
compiling seg.c...
compiling led.c...
compiling iic.c...
linking...
Program Size: data=59.6 xdata=0 code=2328
creating hex file from "315"...
"315" - 0 Error(s), 0 Warning(s).
Build target 'Target 1'
assembling STARTUP.A51...
compiling boot.c...
compiling main.c...
compiling sonic.c...
compiling key.c...
compiling seg.c...
compiling led.c...
compiling iic.c...
linking...
Program Size: data=59.6 xdata=0 code=2325
creating hex file from "315"...
"315" - 0 Error(s), 0 Warning(s).
Build target 'Target 1'
assembling STARTUP.A51...
compiling boot.c...
compiling main.c...
MAIN.C(190): error C202: 'low_or_high': undefined identifier
compiling sonic.c...
compiling key.c...
compiling seg.c...
compiling led.c...
compiling iic.c...
Target not created
Build target 'Target 1'
assembling STARTUP.A51...
compiling boot.c...
compiling main.c...
compiling sonic.c...
compiling key.c...
compiling seg.c...
compiling led.c...
compiling iic.c...
linking...
Program Size: data=60.6 xdata=0 code=2404
creating hex file from "315"...
"315" - 0 Error(s), 0 Warning(s).
Build target 'Target 1'
assembling STARTUP.A51...
compiling boot.c...
compiling main.c...
compiling sonic.c...
compiling key.c...
compiling seg.c...
compiling led.c...
compiling iic.c...
linking...
Program Size: data=60.6 xdata=0 code=2404
creating hex file from "315"...
"315" - 0 Error(s), 0 Warning(s).
Build target 'Target 1'
assembling STARTUP.A51...
compiling boot.c...
compiling main.c...
compiling sonic.c...
compiling key.c...
compiling seg.c...
compiling led.c...
compiling iic.c...
linking...
Program Size: data=60.6 xdata=0 code=2404
creating hex file from "315"...
"315" - 0 Error(s), 0 Warning(s).
Build target 'Target 1'
assembling STARTUP.A51...
compiling boot.c...
compiling main.c...
compiling sonic.c...
compiling key.c...
compiling seg.c...
compiling led.c...
compiling iic.c...
linking...
Program Size: data=60.6 xdata=0 code=2404
creating hex file from "315"...
"315" - 0 Error(s), 0 Warning(s).
Build target 'Target 1'
assembling STARTUP.A51...
compiling boot.c...
compiling main.c...
compiling sonic.c...
compiling key.c...
compiling seg.c...
compiling led.c...
compiling iic.c...
linking...
Program Size: data=60.6 xdata=0 code=2404
creating hex file from "315"...
"315" - 0 Error(s), 0 Warning(s).
Build target 'Target 1'
assembling STARTUP.A51...
compiling boot.c...
compiling main.c...
compiling sonic.c...
compiling key.c...
compiling seg.c...
compiling led.c...
compiling iic.c...
linking...
Program Size: data=60.6 xdata=0 code=2409
creating hex file from "315"...
"315" - 0 Error(s), 0 Warning(s).
